<?xml version="1.0" encoding="UTF-8"?>
<!-- Generated by org.testng.reporters.JUnitReportReporter -->
<testsuite hostname="Tulani" failures="0" tests="5" name="com.qa.test.WebShopHomeTest" time="83.237" errors="0" timestamp="26 Aug 2024 10:22:16 GMT">
  <testcase classname="com.qa.test.WebShopHomeTest" name="computerTabTest" time="4.712"/>
  <testcase classname="com.qa.test.WebShopHomeTest" name="selectDesktopOptionsTest" time="6.492"/>
  <testcase classname="com.qa.test.WebShopHomeTest" name="registrationTest" time="6.836"/>
  <testcase classname="com.qa.test.WebShopHomeTest" name="addAllDesktopsToCartThenRemoveOneItemAndCompleteOrder" time="58.186"/>
  <testcase classname="com.qa.test.WebShopHomeTest" name="loginTest" time="7.011"/>
</testsuite> <!-- com.qa.test.WebShopHomeTest -->
